[debug] [2025-01-23T12:27:55.099Z] ----------------------------------------------------------------------
[debug] [2025-01-23T12:27:55.101Z] Command:       /usr/local/bin/node /Users/levanigvalia/.npm-global/bin/firebase deploy
[debug] [2025-01-23T12:27:55.101Z] CLI Version:   13.29.2
[debug] [2025-01-23T12:27:55.101Z] Platform:      darwin
[debug] [2025-01-23T12:27:55.102Z] Node Version:  v22.11.0
[debug] [2025-01-23T12:27:55.102Z] Time:          Thu Jan 23 2025 16:27:55 GMT+0400 (Georgia Standard Time)
[debug] [2025-01-23T12:27:55.102Z] ----------------------------------------------------------------------
[debug] 
[debug] [2025-01-23T12:27:55.103Z] >>> [apiv2][query] GET https://firebase-public.firebaseio.com/cli.json [none]
[debug] [2025-01-23T12:27:55.212Z] > command requires scopes: ["email","openid","https://www.googleapis.com/auth/cloudplatformprojects.readonly","https://www.googleapis.com/auth/firebase","https://www.googleapis.com/auth/cloud-platform"]
[debug] [2025-01-23T12:27:55.213Z] > authorizing via signed-in user (gvalia010@gmail.com)
[debug] [2025-01-23T12:27:55.213Z] [iam] checking project asset-manegment for permissions ["firebase.projects.get","firebasehosting.sites.update"]
[debug] [2025-01-23T12:27:55.213Z] Checked if tokens are valid: false, expires at: 1714856163264
[debug] [2025-01-23T12:27:55.213Z] Checked if tokens are valid: false, expires at: 1714856163264
[debug] [2025-01-23T12:27:55.213Z] > refreshing access token with scopes: []
[debug] [2025-01-23T12:27:55.213Z] >>> [apiv2][query] POST https://www.googleapis.com/oauth2/v3/token [none]
[debug] [2025-01-23T12:27:55.213Z] >>> [apiv2][body] POST https://www.googleapis.com/oauth2/v3/token [omitted]
[debug] [2025-01-23T12:27:55.541Z] <<< [apiv2][status] POST https://www.googleapis.com/oauth2/v3/token 400
[debug] [2025-01-23T12:27:55.541Z] <<< [apiv2][body] POST https://www.googleapis.com/oauth2/v3/token [omitted]
[debug] [2025-01-23T12:27:55.541Z] >>> [apiv2][query] POST https://cloudresourcemanager.googleapis.com/v1/projects/asset-manegment:testIamPermissions [none]
[debug] [2025-01-23T12:27:55.541Z] >>> [apiv2][(partial)header] POST https://cloudresourcemanager.googleapis.com/v1/projects/asset-manegment:testIamPermissions x-goog-quota-user=projects/asset-manegment
[debug] [2025-01-23T12:27:55.541Z] >>> [apiv2][body] POST https://cloudresourcemanager.googleapis.com/v1/projects/asset-manegment:testIamPermissions {"permissions":["firebase.projects.get","firebasehosting.sites.update"]}
[debug] [2025-01-23T12:27:55.703Z] <<< [apiv2][status] GET https://firebase-public.firebaseio.com/cli.json 200
[debug] [2025-01-23T12:27:55.704Z] <<< [apiv2][body] GET https://firebase-public.firebaseio.com/cli.json {"cloudBuildErrorAfter":1594252800000,"cloudBuildWarnAfter":1590019200000,"defaultNode10After":1594252800000,"minVersion":"3.0.5","node8DeploysDisabledAfter":1613390400000,"node8RuntimeDisabledAfter":1615809600000,"node8WarnAfter":1600128000000}
[debug] [2025-01-23T12:27:56.650Z] <<< [apiv2][status] POST https://cloudresourcemanager.googleapis.com/v1/projects/asset-manegment:testIamPermissions 401
[debug] [2025-01-23T12:27:56.650Z] <<< [apiv2][body] POST https://cloudresourcemanager.googleapis.com/v1/projects/asset-manegment:testIamPermissions {"error":{"code":401,"message":"Request had invalid authentication credentials. Expected OAuth 2 access token, login cookie or other valid authentication credential. See https://developers.google.com/identity/sign-in/web/devconsole-project.","status":"UNAUTHENTICATED","details":[{"@type":"type.googleapis.com/google.rpc.ErrorInfo","reason":"ACCESS_TOKEN_TYPE_UNSUPPORTED","metadata":{"method":"google.cloudresourcemanager.v1.Projects.TestIamPermissions","service":"cloudresourcemanager.googleapis.com"}}]}}
[debug] [2025-01-23T12:27:56.650Z] Got a 401 Unauthenticated error for a call that required authentication. Refreshing tokens.
[debug] [2025-01-23T12:27:56.650Z] Checked if tokens are valid: false, expires at: 1714856163264
[debug] [2025-01-23T12:27:56.650Z] Checked if tokens are valid: false, expires at: 1714856163264
[debug] [2025-01-23T12:27:56.650Z] > refreshing access token with scopes: []
[debug] [2025-01-23T12:27:56.651Z] >>> [apiv2][query] POST https://www.googleapis.com/oauth2/v3/token [none]
[debug] [2025-01-23T12:27:56.651Z] >>> [apiv2][body] POST https://www.googleapis.com/oauth2/v3/token [omitted]
[debug] [2025-01-23T12:27:56.764Z] <<< [apiv2][status] POST https://www.googleapis.com/oauth2/v3/token 400
[debug] [2025-01-23T12:27:56.764Z] <<< [apiv2][body] POST https://www.googleapis.com/oauth2/v3/token [omitted]
[debug] [2025-01-23T12:27:56.765Z] [iam] error while checking permissions, command may fail: Request to https://cloudresourcemanager.googleapis.com/v1/projects/asset-manegment:testIamPermissions had HTTP Error: 401, Request had invalid authentication credentials. Expected OAuth 2 access token, login cookie or other valid authentication credential. See https://developers.google.com/identity/sign-in/web/devconsole-project.
[debug] [2025-01-23T12:27:56.765Z] Checked if tokens are valid: false, expires at: 1714856163264
[debug] [2025-01-23T12:27:56.765Z] Checked if tokens are valid: false, expires at: 1714856163264
[debug] [2025-01-23T12:27:56.765Z] > refreshing access token with scopes: []
[debug] [2025-01-23T12:27:56.766Z] >>> [apiv2][query] POST https://www.googleapis.com/oauth2/v3/token [none]
[debug] [2025-01-23T12:27:56.766Z] >>> [apiv2][body] POST https://www.googleapis.com/oauth2/v3/token [omitted]
[debug] [2025-01-23T12:27:56.872Z] <<< [apiv2][status] POST https://www.googleapis.com/oauth2/v3/token 400
[debug] [2025-01-23T12:27:56.872Z] <<< [apiv2][body] POST https://www.googleapis.com/oauth2/v3/token [omitted]
[debug] [2025-01-23T12:27:56.872Z] >>> [apiv2][query] GET https://firebase.googleapis.com/v1beta1/projects/asset-manegment [none]
[debug] [2025-01-23T12:27:57.159Z] <<< [apiv2][status] GET https://firebase.googleapis.com/v1beta1/projects/asset-manegment 401
[debug] [2025-01-23T12:27:57.159Z] <<< [apiv2][body] GET https://firebase.googleapis.com/v1beta1/projects/asset-manegment {"error":{"code":401,"message":"Request had invalid authentication credentials. Expected OAuth 2 access token, login cookie or other valid authentication credential. See https://developers.google.com/identity/sign-in/web/devconsole-project.","status":"UNAUTHENTICATED"}}
[debug] [2025-01-23T12:27:57.159Z] Got a 401 Unauthenticated error for a call that required authentication. Refreshing tokens.
[debug] [2025-01-23T12:27:57.159Z] Checked if tokens are valid: false, expires at: 1714856163264
[debug] [2025-01-23T12:27:57.159Z] Checked if tokens are valid: false, expires at: 1714856163264
[debug] [2025-01-23T12:27:57.159Z] > refreshing access token with scopes: []
[debug] [2025-01-23T12:27:57.159Z] >>> [apiv2][query] POST https://www.googleapis.com/oauth2/v3/token [none]
[debug] [2025-01-23T12:27:57.159Z] >>> [apiv2][body] POST https://www.googleapis.com/oauth2/v3/token [omitted]
[debug] [2025-01-23T12:27:57.268Z] <<< [apiv2][status] POST https://www.googleapis.com/oauth2/v3/token 400
[debug] [2025-01-23T12:27:57.268Z] <<< [apiv2][body] POST https://www.googleapis.com/oauth2/v3/token [omitted]
[debug] [2025-01-23T12:27:57.269Z] Request to https://firebase.googleapis.com/v1beta1/projects/asset-manegment had HTTP Error: 401, Request had invalid authentication credentials. Expected OAuth 2 access token, login cookie or other valid authentication credential. See https://developers.google.com/identity/sign-in/web/devconsole-project.
[error] 
[error] Error: Assertion failed: resolving hosting target of a site with no site name or target name. This should have caused an error earlier
